         ns                DATAOUT                
          delta                 ADDRESS           
                                MWRITEH_L         
                                  MWRITEL_L       
          0  +0               XXXX XXXX U U 
          0  +1               XXXX XXXX 1 1 
       8631  +0               01E0 00F4 0 0 
       9175  +2               01E0 00F4 1 1 
      14181  +0               000A 00F6 0 0 
      14725  +2               000A 00F6 1 1 
      17631  +0               4537 00F8 0 0 
      18175  +2               4537 00F8 1 1 
      27881  +0               A342 00FA 0 0 
      28425  +2               A342 00FA 1 1 
      29231  +0               01A1 00FC 0 0 
      29775  +2               01A1 00FC 1 1 
      30581  +0               FE62 00FE 0 0 
      31125  +2               FE62 00FE 1 1 
      32681  +0               0100 0102 0 0 
      33225  +2               0100 0102 1 1 
      35431  +0               FE6F 0100 0 0 
      35975  +2               FE6F 0100 1 1 
      58531  +0               001A 0102 0 0 
      59075  +2               001A 0102 1 1 
      63531  +0               FF9B 0104 0 0 
      64075  +2               FF9B 0104 1 1 
      67131  +0               000D 0106 0 0 
      67675  +2               000D 0106 1 1 
      74231  +0               517A 0108 0 0 
      74775  +2               517A 0108 1 1 
      80531  +0               0133 010A 0 0 
      81075  +2               0133 010A 1 1 
      84181  +0               9000 010D 0 1 
      84725  +2               9000 010D 1 1 
      85581  +0               00AC 010C 1 0 
      86125  +2               00AC 010C 1 1 
      88281  +0               90AC 010A 0 0 
      88825  +2               90AC 010A 1 1 
      90381  +0               00F2 0110 0 0 
      90925  +2               00F2 0110 1 1 
      93731  +0               0646 010E 0 0 
      94275  +2               0646 010E 1 1 
      98681  +0               126C 00A2 0 0 
      99225  +2               126C 00A2 1 1 
     100781  +0               000C 0112 0 0 
     101325  +2               000C 0112 1 1 
     104981  +0               AE85 0114 0 0 
     105525  +2               AE85 0114 1 1 
     114181  +0               600D 0116 0 0 
     114725  +2               600D 0116 1 1 
     118581  +0               00D8 0118 0 0 
     119125  +2               00D8 0118 1 1 
